C:\USERS\DELL\DOCUMENTS\VISUAL STUDIO 2012\PROJECTS\STONE\STONE\DEBUG\LEXER.OBJ
C:\USERS\DELL\DOCUMENTS\VISUAL STUDIO 2012\PROJECTS\STONE\STONE\DEBUG\VC110.PDB
C:\USERS\DELL\DOCUMENTS\VISUAL STUDIO 2012\PROJECTS\STONE\DEBUG\STONE.ILK
C:\USERS\DELL\DOCUMENTS\VISUAL STUDIO 2012\PROJECTS\STONE\DEBUG\STONE.EXE
C:\USERS\DELL\DOCUMENTS\VISUAL STUDIO 2012\PROJECTS\STONE\DEBUG\STONE.PDB
C:\Users\Dell\Documents\GitHub\cpp\Stone\Stone\Debug\Lexer.obj
C:\Users\Dell\Documents\GitHub\cpp\Stone\Stone\Debug\cl.command.1.tlog
C:\Users\Dell\Documents\GitHub\cpp\Stone\Stone\Debug\CL.read.1.tlog
C:\Users\Dell\Documents\GitHub\cpp\Stone\Stone\Debug\CL.write.1.tlog
C:\Users\Dell\Documents\GitHub\cpp\Stone\Stone\Debug\link-cvtres.read.1.tlog
C:\Users\Dell\Documents\GitHub\cpp\Stone\Stone\Debug\link-cvtres.write.1.tlog
C:\Users\Dell\Documents\GitHub\cpp\Stone\Stone\Debug\link-rc.read.1.tlog
C:\Users\Dell\Documents\GitHub\cpp\Stone\Stone\Debug\link-rc.write.1.tlog
C:\Users\Dell\Documents\GitHub\cpp\Stone\Stone\Debug\link.command.1.tlog
C:\Users\Dell\Documents\GitHub\cpp\Stone\Stone\Debug\link.read.1.tlog
C:\Users\Dell\Documents\GitHub\cpp\Stone\Stone\Debug\link.write.1.tlog
C:\Users\Dell\Documents\GitHub\cpp\Stone\Stone\Debug\vc110.idb
C:\Users\Dell\Documents\GitHub\cpp\Stone\Stone\Debug\vc110.pdb
C:\Users\Dell\Documents\GitHub\cpp\Stone\Debug\Stone.pdb
C:\Users\Dell\Documents\GitHub\cpp\Stone\Debug\Stone.exe
C:\Users\Dell\Documents\GitHub\cpp\Stone\Debug\Stone.ilk
