C:\USERS\DELL\DOCUMENTS\VISUAL STUDIO 2012\PROJECTS\STONE\COMPILER\DEBUG\MAIN.OBJ
C:\USERS\DELL\DOCUMENTS\VISUAL STUDIO 2012\PROJECTS\STONE\COMPILER\DEBUG\MOC_COMPILER.OBJ
C:\USERS\DELL\DOCUMENTS\VISUAL STUDIO 2012\PROJECTS\STONE\COMPILER\DEBUG\COMPILER.OBJ
C:\USERS\DELL\DOCUMENTS\VISUAL STUDIO 2012\PROJECTS\STONE\COMPILER\DEBUG\VC110.PDB
C:\USERS\DELL\DOCUMENTS\VISUAL STUDIO 2012\PROJECTS\STONE\COMPILER\DEBUG\QRC_COMPILER.OBJ
C:\USERS\DELL\DOCUMENTS\VISUAL STUDIO 2012\PROJECTS\STONE\COMPILER\GENERATEDFILES\DEBUG\MOC_COMPILER.CPP
C:\USERS\DELL\DOCUMENTS\VISUAL STUDIO 2012\PROJECTS\STONE\COMPILER\GENERATEDFILES\UI_COMPILER.H
C:\USERS\DELL\DOCUMENTS\VISUAL STUDIO 2012\PROJECTS\STONE\COMPILER\GENERATEDFILES\QRC_COMPILER.CPP
C:\USERS\DELL\DOCUMENTS\VISUAL STUDIO 2012\PROJECTS\STONE\WIN32\DEBUG\COMPILER.ILK
C:\USERS\DELL\DOCUMENTS\VISUAL STUDIO 2012\PROJECTS\STONE\WIN32\DEBUG\COMPILER.EXE
C:\USERS\DELL\DOCUMENTS\VISUAL STUDIO 2012\PROJECTS\STONE\WIN32\DEBUG\COMPILER.PDB
C:\Users\Dell\Documents\Visual Studio 2012\Projects\Stone\Compiler\Debug\compiler.obj
C:\Users\Dell\Documents\Visual Studio 2012\Projects\Stone\Compiler\Debug\main.obj
C:\Users\Dell\Documents\Visual Studio 2012\Projects\Stone\Compiler\Debug\moc_compiler.obj
C:\Users\Dell\Documents\Visual Studio 2012\Projects\Stone\Compiler\Debug\qrc_compiler.obj
C:\Users\Dell\Documents\Visual Studio 2012\Projects\Stone\Compiler\Debug\cl.command.1.tlog
C:\Users\Dell\Documents\Visual Studio 2012\Projects\Stone\Compiler\Debug\CL.read.1.tlog
C:\Users\Dell\Documents\Visual Studio 2012\Projects\Stone\Compiler\Debug\CL.write.1.tlog
C:\Users\Dell\Documents\Visual Studio 2012\Projects\Stone\Compiler\Debug\custombuild.command.1.tlog
C:\Users\Dell\Documents\Visual Studio 2012\Projects\Stone\Compiler\Debug\custombuild.read.1.tlog
C:\Users\Dell\Documents\Visual Studio 2012\Projects\Stone\Compiler\Debug\custombuild.write.1.tlog
C:\Users\Dell\Documents\Visual Studio 2012\Projects\Stone\Compiler\Debug\link-cvtres.read.1.tlog
C:\Users\Dell\Documents\Visual Studio 2012\Projects\Stone\Compiler\Debug\link-cvtres.write.1.tlog
C:\Users\Dell\Documents\Visual Studio 2012\Projects\Stone\Compiler\Debug\link-rc.read.1.tlog
C:\Users\Dell\Documents\Visual Studio 2012\Projects\Stone\Compiler\Debug\link-rc.write.1.tlog
C:\Users\Dell\Documents\Visual Studio 2012\Projects\Stone\Compiler\Debug\link.8284-cvtres.read.1.tlog
C:\Users\Dell\Documents\Visual Studio 2012\Projects\Stone\Compiler\Debug\link.8284-cvtres.write.1.tlog
C:\Users\Dell\Documents\Visual Studio 2012\Projects\Stone\Compiler\Debug\link.8284-rc.read.1.tlog
C:\Users\Dell\Documents\Visual Studio 2012\Projects\Stone\Compiler\Debug\link.8284-rc.write.1.tlog
C:\Users\Dell\Documents\Visual Studio 2012\Projects\Stone\Compiler\Debug\link.8284.read.1.tlog
C:\Users\Dell\Documents\Visual Studio 2012\Projects\Stone\Compiler\Debug\link.8284.write.1.tlog
C:\Users\Dell\Documents\Visual Studio 2012\Projects\Stone\Compiler\Debug\link.command.1.tlog
C:\Users\Dell\Documents\Visual Studio 2012\Projects\Stone\Compiler\Debug\link.read.1.tlog
C:\Users\Dell\Documents\Visual Studio 2012\Projects\Stone\Compiler\Debug\link.write.1.tlog
C:\Users\Dell\Documents\Visual Studio 2012\Projects\Stone\Compiler\Debug\vc110.pdb
C:\Users\Dell\Documents\Visual Studio 2012\Projects\Stone\Win32\Debug\Compiler.pdb
C:\Users\Dell\Documents\Visual Studio 2012\Projects\Stone\Win32\Debug\Compiler.exe
C:\Users\Dell\Documents\Visual Studio 2012\Projects\Stone\Win32\Debug\Compiler.ilk
